<?xml version="1.0" encoding="UTF-8"?>
<!-- Generated by org.testng.reporters.JUnitXMLReporter -->
<testsuite ignored="0" hostname="Mamdouh-PC" failures="0"
	tests="9" name="Default test" time="169.915" errors="0"
	timestamp="2020-12-03T19:10:35 EET">
	<testcase classname="appli.fashion.test.test"
		name="checkAppliAirNightPage" time="15.053" />
	<testcase classname="appli.fashion.test.test"
		name="checkAppliAirNightPage" time="14.408" />
	<testcase classname="appli.fashion.test.test"
		name="checkAppliAirNightPage" time="17.63" />
	<testcase classname="appli.fashion.test.test"
		name="filterByColor" time="13.35" />
	<testcase classname="appli.fashion.test.test"
		name="filterByColor" time="13.919" />
	<testcase classname="appli.fashion.test.test"
		name="filterByColor" time="13.761" />
	<testcase classname="appli.fashion.test.test"
		name="validateMainPage" time="13.024" />
	<testcase classname="appli.fashion.test.test"
		name="validateMainPage" time="14.973" />
	<testcase classname="appli.fashion.test.test"
		name="validateMainPage" time="15.316" />
</testsuite> <!-- Default test -->
