<?xml version="1.0" encoding="UTF-8"?>
<!-- Generated by org.testng.reporters.JUnitXMLReporter -->
<testsuite ignored="0" hostname="Mamdouh-PC" failures="0" tests="9" name="Default test" time="133.117" errors="0" timestamp="2020-12-04T17:49:29 EET">
  <testcase classname="appli.fashion.test.AppliFashioTests" name="checkAppliAirNightPage" time="11.032"/>
  <testcase classname="appli.fashion.test.AppliFashioTests" name="checkAppliAirNightPage" time="12.388"/>
  <testcase classname="appli.fashion.test.AppliFashioTests" name="checkAppliAirNightPage" time="13.395"/>
  <testcase classname="appli.fashion.test.AppliFashioTests" name="filterByColor" time="9.542"/>
  <testcase classname="appli.fashion.test.AppliFashioTests" name="filterByColor" time="9.694"/>
  <testcase classname="appli.fashion.test.AppliFashioTests" name="filterByColor" time="8.098"/>
  <testcase classname="appli.fashion.test.AppliFashioTests" name="validateMainPage" time="14.991"/>
  <testcase classname="appli.fashion.test.AppliFashioTests" name="validateMainPage" time="8.449"/>
  <testcase classname="appli.fashion.test.AppliFashioTests" name="validateMainPage" time="8.734"/>
</testsuite> <!-- Default test -->
